\BOOKMARK [1][-]{section.1}{Akustische\040Richtungsbestimmung}{}% 1
\BOOKMARK [1][-]{section.2}{Bestehende Lösungen}{}% 2
\BOOKMARK [1][-]{section.3}{Konzept}{}% 3
\BOOKMARK [2][-]{subsection.3.1}{Modul\0401:\040Eingabe/Aufnahme}{section.3}% 4
\BOOKMARK [2][-]{subsection.3.2}{Modul\0402:\040Signal\040nach\040Frequenzen\040aufteilen}{section.3}% 5
\BOOKMARK [2][-]{subsection.3.3}{Modul\0403:\040Richtungsbestimmung}{section.3}% 6
\BOOKMARK [2][-]{subsection.3.4}{Modul\0404:\040Ausgabe}{section.3}% 7
\BOOKMARK [1][-]{section.4}{Umsetzung\040der\040einzelnen\040Module}{}% 8
\BOOKMARK [2][-]{subsection.4.1}{Audiosimulation\040\(Modul\0401\)}{section.4}% 9
\BOOKMARK [2][-]{subsection.4.2}{Hardware\040\(Modul\0401\)}{section.4}% 10
\BOOKMARK [3][-]{subsubsection.4.2.1}{Mikrofonarray}{subsection.4.2}% 11
\BOOKMARK [3][-]{subsubsection.4.2.2}{Audiointerface}{subsection.4.2}% 12
\BOOKMARK [3][-]{subsubsection.4.2.3}{Software}{subsection.4.2}% 13
\BOOKMARK [2][-]{subsection.4.3}{Fourier-Transformation\040\(Modul\0402\)}{section.4}% 14
\BOOKMARK [2][-]{subsection.4.4}{Richtungsmodul\040\(Modul\0403\)}{section.4}% 15
\BOOKMARK [2][-]{subsection.4.5}{Ausgabemodul\040\(Modul\0404\)}{section.4}% 16
\BOOKMARK [2][-]{subsection.4.6}{Testen\040der\040einzelnen\040Module}{section.4}% 17
\BOOKMARK [1][-]{section.5}{Eindimensionale\040Richtungsbestimmung}{}% 18
\BOOKMARK [1][-]{section.6}{Zweidimensionale\040Richtungsbestimmung}{}% 19
\BOOKMARK [2][-]{subsection.6.1}{Erweiterung\040der\040Theorie}{section.6}% 20
\BOOKMARK [2][-]{subsection.6.2}{Analytische Lösung des Gleichungssystems}{section.6}% 21
\BOOKMARK [1][-]{section.7}{Dreidimensionale\040Richtungsbestimmung}{}% 22
\BOOKMARK [2][-]{subsection.7.1}{Erweiterung\040der\040Theorie}{section.7}% 23
\BOOKMARK [2][-]{subsection.7.2}{Numerische Lösung des Gleichungssystems mit Singulärwertzerlegung und Gauss-Markow Algorithmus}{section.7}% 24
\BOOKMARK [1][-]{section.8}{Evaluation}{}% 25
\BOOKMARK [2][-]{subsection.8.1}{Audiosimulation}{section.8}% 26
\BOOKMARK [2][-]{subsection.8.2}{Echtwelt}{section.8}% 27
\BOOKMARK [2][-]{subsection.8.3}{Alltagstest}{section.8}% 28
\BOOKMARK [1][-]{figure.caption.24}{\040Ausblick}{}% 29
\BOOKMARK [1][-]{section.9}{Ausblick}{}% 30
\BOOKMARK [1][-]{section*.25}{Ausblick}{}% 31
\BOOKMARK [1][-]{section*.26}{\040Fazit}{}% 32
\BOOKMARK [1][-]{section.10}{Fazit}{}% 33
\BOOKMARK [1][-]{section.10}{Literaturverzeichnis}{}% 34
